26/06/22 10:44:29 WARN NativeCodeLoader: Unable to load native-hadoop library for your platform... using builtin-java classes where applicable
26/06/22 10:44:31 INFO SparkContext: Running Spark version 3.5.8
26/06/22 10:44:31 INFO SparkContext: OS info Linux, 6.1.0-48-amd64, amd64
26/06/22 10:44:31 INFO SparkContext: Java version 11.0.29
26/06/22 10:44:31 INFO ResourceUtils: ==============================================================
26/06/22 10:44:31 INFO ResourceUtils: No custom resources configured for spark.driver.
26/06/22 10:44:31 INFO ResourceUtils: ==============================================================
26/06/22 10:44:31 INFO SparkContext: Submitted application: Q1 street crime by day part - DataFrame
26/06/22 10:44:31 INFO ResourceProfile: Default ResourceProfile created, executor resources: Map(cores -> name: cores, amount: 1, script: , vendor: , memory -> name: memory, amount: 2048, script: , vendor: , offHeap -> name: offHeap, amount: 0, script: , vendor: ), task resources: Map(cpus -> name: cpus, amount: 1.0)
26/06/22 10:44:31 INFO ResourceProfile: Limiting resource is cpus at 1 tasks per executor
26/06/22 10:44:31 INFO ResourceProfileManager: Added ResourceProfile id: 0
26/06/22 10:44:31 INFO SecurityManager: Changing view acls to: spark,dsml00289
26/06/22 10:44:31 INFO SecurityManager: Changing modify acls to: spark,dsml00289
26/06/22 10:44:31 INFO SecurityManager: Changing view acls groups to: 
26/06/22 10:44:31 INFO SecurityManager: Changing modify acls groups to: 
26/06/22 10:44:31 INFO SecurityManager: SecurityManager: authentication disabled; ui acls disabled; users with view permissions: spark, dsml00289; groups with view permissions: EMPTY; users with modify permissions: spark, dsml00289; groups with modify permissions: EMPTY
26/06/22 10:44:31 INFO Utils: Successfully started service 'sparkDriver' on port 7078.
26/06/22 10:44:31 INFO SparkEnv: Registering MapOutputTracker
26/06/22 10:44:31 INFO SparkEnv: Registering BlockManagerMaster
26/06/22 10:44:31 INFO BlockManagerMasterEndpoint: Using org.apache.spark.storage.DefaultTopologyMapper for getting topology information
26/06/22 10:44:31 INFO BlockManagerMasterEndpoint: BlockManagerMasterEndpoint up
26/06/22 10:44:31 INFO SparkEnv: Registering BlockManagerMasterHeartbeat
26/06/22 10:44:32 INFO DiskBlockManager: Created local directory at /var/data/spark-1f6e041c-e9c3-40db-8f8b-f9f7c3f139c6/blockmgr-113a4325-9534-4546-a39d-4be2ac711841
26/06/22 10:44:32 INFO MemoryStore: MemoryStore started with capacity 413.9 MiB
26/06/22 10:44:32 INFO SparkEnv: Registering OutputCommitCoordinator
26/06/22 10:44:32 INFO JettyUtils: Start Jetty 0.0.0.0:4040 for SparkUI
26/06/22 10:44:32 INFO Utils: Successfully started service 'SparkUI' on port 4040.
26/06/22 10:44:32 INFO SparkKubernetesClientFactory: Auto-configuring K8S client using current context from users K8S config file
26/06/22 10:44:34 INFO ExecutorPodsAllocator: Going to request 2 executors from Kubernetes for ResourceProfile Id: 0, target: 2, known: 0, sharedSlotFromPendingPods: 2147483647.
26/06/22 10:44:34 INFO ExecutorPodsAllocator: Found 0 reusable PVCs from 0 PVCs
26/06/22 10:44:34 INFO BasicExecutorFeatureStep: Decommissioning not enabled, skipping shutdown script
26/06/22 10:44:34 INFO BasicExecutorFeatureStep: Decommissioning not enabled, skipping shutdown script
26/06/22 10:44:34 INFO Utils: Successfully started service 'org.apache.spark.network.netty.NettyBlockTransferService' on port 7079.
26/06/22 10:44:34 INFO NettyBlockTransferService: Server created on q1-df-py-cb8d449eeeee52ac-driver-svc.dsml00289-priv.svc 10.233.126.78:7079
26/06/22 10:44:34 INFO BlockManager: Using org.apache.spark.storage.RandomBlockReplicationPolicy for block replication policy
26/06/22 10:44:34 INFO BlockManagerMaster: Registering BlockManager BlockManagerId(driver, q1-df-py-cb8d449eeeee52ac-driver-svc.dsml00289-priv.svc, 7079, None)
26/06/22 10:44:34 INFO BlockManagerMasterEndpoint: Registering block manager q1-df-py-cb8d449eeeee52ac-driver-svc.dsml00289-priv.svc:7079 with 413.9 MiB RAM, BlockManagerId(driver, q1-df-py-cb8d449eeeee52ac-driver-svc.dsml00289-priv.svc, 7079, None)
26/06/22 10:44:34 INFO BlockManagerMaster: Registered BlockManager BlockManagerId(driver, q1-df-py-cb8d449eeeee52ac-driver-svc.dsml00289-priv.svc, 7079, None)
26/06/22 10:44:34 INFO BlockManager: Initialized BlockManager: BlockManagerId(driver, q1-df-py-cb8d449eeeee52ac-driver-svc.dsml00289-priv.svc, 7079, None)
26/06/22 10:44:35 INFO SingleEventLogFileWriter: Logging events to hdfs://hdfs-namenode.default.svc.cluster.local:9000/user/dsml00289/logs/spark-19e3d81de24f453e9f2276bf0773a556.inprogress
26/06/22 10:44:39 INFO KubernetesClusterSchedulerBackend$KubernetesDriverEndpoint: No executor found for 10.233.124.249:51490
26/06/22 10:44:39 INFO KubernetesClusterSchedulerBackend$KubernetesDriverEndpoint: No executor found for 10.233.98.152:48850
26/06/22 10:44:39 INFO KubernetesClusterSchedulerBackend$KubernetesDriverEndpoint: Registered executor NettyRpcEndpointRef(spark-client://Executor) (10.233.124.249:51492) with ID 1,  ResourceProfileId 0
26/06/22 10:44:39 INFO KubernetesClusterSchedulerBackend$KubernetesDriverEndpoint: Registered executor NettyRpcEndpointRef(spark-client://Executor) (10.233.98.152:48854) with ID 2,  ResourceProfileId 0
26/06/22 10:44:40 INFO KubernetesClusterSchedulerBackend: SchedulerBackend is ready for scheduling beginning after reached minRegisteredResourcesRatio: 0.8
26/06/22 10:44:40 INFO BlockManagerMasterEndpoint: Registering block manager 10.233.98.152:36813 with 1048.8 MiB RAM, BlockManagerId(2, 10.233.98.152, 36813, None)
26/06/22 10:44:40 INFO BlockManagerMasterEndpoint: Registering block manager 10.233.124.249:40937 with 1048.8 MiB RAM, BlockManagerId(1, 10.233.124.249, 40937, None)
('Night', 251094, 34.08)
('Evening', 198292, 26.92)
('Afternoon', 156432, 21.23)
('Morning', 130866, 17.76)
QUERY_ELAPSED_SECONDS=86.606
Saved to: hdfs://hdfs-namenode.default.svc.cluster.local:9000/user/dsml00289/Q1_df_spark-19e3d81de24f453e9f2276bf0773a556
