26/06/27 09:37:13 WARN NativeCodeLoader: Unable to load native-hadoop library for your platform... using builtin-java classes where applicable
26/06/27 09:37:15 INFO SparkContext: Running Spark version 3.5.8
26/06/27 09:37:15 INFO SparkContext: OS info Linux, 6.1.0-48-amd64, amd64
26/06/27 09:37:15 INFO SparkContext: Java version 11.0.29
26/06/27 09:37:15 INFO ResourceUtils: ==============================================================
26/06/27 09:37:15 INFO ResourceUtils: No custom resources configured for spark.driver.
26/06/27 09:37:15 INFO ResourceUtils: ==============================================================
26/06/27 09:37:15 INFO SparkContext: Submitted application: Q2 top crime months per year - SQL
26/06/27 09:37:15 INFO ResourceProfile: Default ResourceProfile created, executor resources: Map(cores -> name: cores, amount: 1, script: , vendor: , memory -> name: memory, amount: 2048, script: , vendor: , offHeap -> name: offHeap, amount: 0, script: , vendor: ), task resources: Map(cpus -> name: cpus, amount: 1.0)
26/06/27 09:37:15 INFO ResourceProfile: Limiting resource is cpus at 1 tasks per executor
26/06/27 09:37:15 INFO ResourceProfileManager: Added ResourceProfile id: 0
26/06/27 09:37:16 INFO SecurityManager: Changing view acls to: spark,dsml00289
26/06/27 09:37:16 INFO SecurityManager: Changing modify acls to: spark,dsml00289
26/06/27 09:37:16 INFO SecurityManager: Changing view acls groups to: 
26/06/27 09:37:16 INFO SecurityManager: Changing modify acls groups to: 
26/06/27 09:37:16 INFO SecurityManager: SecurityManager: authentication disabled; ui acls disabled; users with view permissions: spark, dsml00289; groups with view permissions: EMPTY; users with modify permissions: spark, dsml00289; groups with modify permissions: EMPTY
26/06/27 09:37:16 INFO Utils: Successfully started service 'sparkDriver' on port 7078.
26/06/27 09:37:16 INFO SparkEnv: Registering MapOutputTracker
26/06/27 09:37:16 INFO SparkEnv: Registering BlockManagerMaster
26/06/27 09:37:16 INFO BlockManagerMasterEndpoint: Using org.apache.spark.storage.DefaultTopologyMapper for getting topology information
26/06/27 09:37:16 INFO BlockManagerMasterEndpoint: BlockManagerMasterEndpoint up
26/06/27 09:37:16 INFO SparkEnv: Registering BlockManagerMasterHeartbeat
26/06/27 09:37:16 INFO DiskBlockManager: Created local directory at /var/data/spark-eb11cc38-9bea-4f63-be54-e53995bbc13c/blockmgr-b709e5af-891e-46a7-9f16-e11028054edc
26/06/27 09:37:16 INFO MemoryStore: MemoryStore started with capacity 413.9 MiB
26/06/27 09:37:16 INFO SparkEnv: Registering OutputCommitCoordinator
26/06/27 09:37:16 INFO JettyUtils: Start Jetty 0.0.0.0:4040 for SparkUI
26/06/27 09:37:16 INFO Utils: Successfully started service 'SparkUI' on port 4040.
26/06/27 09:37:17 INFO SparkKubernetesClientFactory: Auto-configuring K8S client using current context from users K8S config file
26/06/27 09:37:19 INFO ExecutorPodsAllocator: Going to request 4 executors from Kubernetes for ResourceProfile Id: 0, target: 4, known: 0, sharedSlotFromPendingPods: 2147483647.
26/06/27 09:37:20 INFO ExecutorPodsAllocator: Found 0 reusable PVCs from 0 PVCs
26/06/27 09:37:20 INFO Utils: Successfully started service 'org.apache.spark.network.netty.NettyBlockTransferService' on port 7079.
26/06/27 09:37:20 INFO NettyBlockTransferService: Server created on q2-sql-py-035fb49f08702fa3-driver-svc.dsml00289-priv.svc 10.233.126.76:7079
26/06/27 09:37:20 INFO BlockManager: Using org.apache.spark.storage.RandomBlockReplicationPolicy for block replication policy
26/06/27 09:37:20 INFO BlockManagerMaster: Registering BlockManager BlockManagerId(driver, q2-sql-py-035fb49f08702fa3-driver-svc.dsml00289-priv.svc, 7079, None)
26/06/27 09:37:20 INFO BlockManagerMasterEndpoint: Registering block manager q2-sql-py-035fb49f08702fa3-driver-svc.dsml00289-priv.svc:7079 with 413.9 MiB RAM, BlockManagerId(driver, q2-sql-py-035fb49f08702fa3-driver-svc.dsml00289-priv.svc, 7079, None)
26/06/27 09:37:20 INFO BlockManagerMaster: Registered BlockManager BlockManagerId(driver, q2-sql-py-035fb49f08702fa3-driver-svc.dsml00289-priv.svc, 7079, None)
26/06/27 09:37:20 INFO BlockManager: Initialized BlockManager: BlockManagerId(driver, q2-sql-py-035fb49f08702fa3-driver-svc.dsml00289-priv.svc, 7079, None)
26/06/27 09:37:20 INFO BasicExecutorFeatureStep: Decommissioning not enabled, skipping shutdown script
26/06/27 09:37:20 INFO SingleEventLogFileWriter: Logging events to hdfs://hdfs-namenode.default.svc.cluster.local:9000/user/dsml00289/logs/spark-b65ee8eb635c4a1b963e65377ea17cdb.inprogress
26/06/27 09:37:20 INFO BasicExecutorFeatureStep: Decommissioning not enabled, skipping shutdown script
26/06/27 09:37:20 INFO BasicExecutorFeatureStep: Decommissioning not enabled, skipping shutdown script
26/06/27 09:37:20 INFO BasicExecutorFeatureStep: Decommissioning not enabled, skipping shutdown script
26/06/27 09:37:25 INFO KubernetesClusterSchedulerBackend$KubernetesDriverEndpoint: No executor found for 10.233.124.221:53078
26/06/27 09:37:25 INFO KubernetesClusterSchedulerBackend$KubernetesDriverEndpoint: No executor found for 10.233.98.148:51108
26/06/27 09:37:25 INFO KubernetesClusterSchedulerBackend$KubernetesDriverEndpoint: No executor found for 10.233.126.69:55848
26/06/27 09:37:25 INFO KubernetesClusterSchedulerBackend$KubernetesDriverEndpoint: Registered executor NettyRpcEndpointRef(spark-client://Executor) (10.233.124.221:53088) with ID 1,  ResourceProfileId 0
26/06/27 09:37:25 INFO KubernetesClusterSchedulerBackend$KubernetesDriverEndpoint: No executor found for 10.233.101.167:33634
26/06/27 09:37:25 INFO KubernetesClusterSchedulerBackend$KubernetesDriverEndpoint: Registered executor NettyRpcEndpointRef(spark-client://Executor) (10.233.98.148:51118) with ID 3,  ResourceProfileId 0
26/06/27 09:37:25 INFO BlockManagerMasterEndpoint: Registering block manager 10.233.124.221:42761 with 1048.8 MiB RAM, BlockManagerId(1, 10.233.124.221, 42761, None)
26/06/27 09:37:25 INFO KubernetesClusterSchedulerBackend$KubernetesDriverEndpoint: Registered executor NettyRpcEndpointRef(spark-client://Executor) (10.233.126.69:55862) with ID 2,  ResourceProfileId 0
26/06/27 09:37:26 INFO BlockManagerMasterEndpoint: Registering block manager 10.233.98.148:39195 with 1048.8 MiB RAM, BlockManagerId(3, 10.233.98.148, 39195, None)
26/06/27 09:37:26 INFO BlockManagerMasterEndpoint: Registering block manager 10.233.126.69:45611 with 1048.8 MiB RAM, BlockManagerId(2, 10.233.126.69, 45611, None)
26/06/27 09:37:26 INFO KubernetesClusterSchedulerBackend$KubernetesDriverEndpoint: Registered executor NettyRpcEndpointRef(spark-client://Executor) (10.233.101.167:33640) with ID 4,  ResourceProfileId 0
26/06/27 09:37:26 INFO KubernetesClusterSchedulerBackend: SchedulerBackend is ready for scheduling beginning after reached minRegisteredResourcesRatio: 0.8
26/06/27 09:37:26 INFO BlockManagerMasterEndpoint: Registering block manager 10.233.101.167:41377 with 1048.8 MiB RAM, BlockManagerId(4, 10.233.101.167, 41377, None)
(2010, 1, 19524, 1)
(2010, 3, 18131, 2)
(2010, 7, 17857, 3)
(2011, 1, 18144, 1)
(2011, 7, 17284, 2)
(2011, 10, 17035, 3)
(2012, 1, 17958, 1)
(2012, 8, 17662, 2)
(2012, 5, 17504, 3)
(2013, 8, 17442, 1)
(2013, 1, 16833, 2)
(2013, 7, 16645, 3)
(2014, 10, 17337, 1)
(2014, 7, 17260, 2)
(2014, 12, 17201, 3)
(2015, 8, 15044, 1)
(2015, 10, 14934, 2)
(2015, 7, 14852, 3)
(2016, 12, 26236, 1)
(2016, 10, 25008, 2)
(2016, 8, 24635, 3)
(2017, 10, 20442, 1)
(2017, 7, 20202, 2)
(2017, 1, 19866, 3)
(2018, 5, 19979, 1)
(2018, 7, 19882, 2)
(2018, 8, 19769, 3)
(2019, 7, 19132, 1)
(2019, 8, 18994, 2)
(2019, 3, 18877, 3)
(2020, 1, 18576, 1)
(2020, 2, 17284, 2)
(2020, 5, 17230, 3)
(2021, 10, 19343, 1)
(2021, 7, 18690, 2)
(2021, 8, 18398, 3)
(2022, 5, 20467, 1)
(2022, 10, 20335, 2)
(2022, 6, 20273, 3)
(2023, 10, 20122, 1)
(2023, 8, 20082, 2)
(2023, 1, 19970, 3)
(2024, 1, 18926, 1)
(2024, 2, 17394, 2)
(2024, 3, 16293, 3)
(2025, 2, 44, 1)
(2025, 1, 26, 2)
(2025, 3, 24, 3)
QUERY_ELAPSED_SECONDS=52.798
Saved to: hdfs://hdfs-namenode.default.svc.cluster.local:9000/user/dsml00289/Q2_sql_spark-b65ee8eb635c4a1b963e65377ea17cdb
