26/06/27 12:01:44 WARN NativeCodeLoader: Unable to load native-hadoop library for your platform... using builtin-java classes where applicable
26/06/27 12:01:46 INFO SparkContext: Running Spark version 3.5.8
26/06/27 12:01:46 INFO SparkContext: OS info Linux, 6.1.0-48-amd64, amd64
26/06/27 12:01:46 INFO SparkContext: Java version 11.0.29
26/06/27 12:01:46 INFO ResourceUtils: ==============================================================
26/06/27 12:01:46 INFO ResourceUtils: No custom resources configured for spark.driver.
26/06/27 12:01:46 INFO ResourceUtils: ==============================================================
26/06/27 12:01:46 INFO SparkContext: Submitted application: Q3 join strategy merge - DataFrame
26/06/27 12:01:46 INFO ResourceProfile: Default ResourceProfile created, executor resources: Map(cores -> name: cores, amount: 1, script: , vendor: , memory -> name: memory, amount: 2048, script: , vendor: , offHeap -> name: offHeap, amount: 0, script: , vendor: ), task resources: Map(cpus -> name: cpus, amount: 1.0)
26/06/27 12:01:46 INFO ResourceProfile: Limiting resource is cpus at 1 tasks per executor
26/06/27 12:01:46 INFO ResourceProfileManager: Added ResourceProfile id: 0
26/06/27 12:01:46 INFO SecurityManager: Changing view acls to: spark,dsml00289
26/06/27 12:01:46 INFO SecurityManager: Changing modify acls to: spark,dsml00289
26/06/27 12:01:46 INFO SecurityManager: Changing view acls groups to: 
26/06/27 12:01:46 INFO SecurityManager: Changing modify acls groups to: 
26/06/27 12:01:46 INFO SecurityManager: SecurityManager: authentication disabled; ui acls disabled; users with view permissions: spark, dsml00289; groups with view permissions: EMPTY; users with modify permissions: spark, dsml00289; groups with modify permissions: EMPTY
26/06/27 12:01:46 INFO Utils: Successfully started service 'sparkDriver' on port 7078.
26/06/27 12:01:46 INFO SparkEnv: Registering MapOutputTracker
26/06/27 12:01:46 INFO SparkEnv: Registering BlockManagerMaster
26/06/27 12:01:46 INFO BlockManagerMasterEndpoint: Using org.apache.spark.storage.DefaultTopologyMapper for getting topology information
26/06/27 12:01:46 INFO BlockManagerMasterEndpoint: BlockManagerMasterEndpoint up
26/06/27 12:01:46 INFO SparkEnv: Registering BlockManagerMasterHeartbeat
26/06/27 12:01:46 INFO DiskBlockManager: Created local directory at /var/data/spark-6066bfa7-f04a-4935-99d3-f188843ded92/blockmgr-23cbe7b8-383b-4ae3-b073-34b849e2530a
26/06/27 12:01:46 INFO MemoryStore: MemoryStore started with capacity 1048.8 MiB
26/06/27 12:01:46 INFO SparkEnv: Registering OutputCommitCoordinator
26/06/27 12:01:47 INFO JettyUtils: Start Jetty 0.0.0.0:4040 for SparkUI
26/06/27 12:01:47 INFO Utils: Successfully started service 'SparkUI' on port 4040.
26/06/27 12:01:47 INFO SparkKubernetesClientFactory: Auto-configuring K8S client using current context from users K8S config file
26/06/27 12:01:49 INFO ExecutorPodsAllocator: Going to request 3 executors from Kubernetes for ResourceProfile Id: 0, target: 3, known: 0, sharedSlotFromPendingPods: 2147483647.
26/06/27 12:01:49 INFO ExecutorPodsAllocator: Found 0 reusable PVCs from 0 PVCs
26/06/27 12:01:49 INFO Utils: Successfully started service 'org.apache.spark.network.netty.NettyBlockTransferService' on port 7079.
26/06/27 12:01:49 INFO NettyBlockTransferService: Server created on q3-df-joins-py-4f34129f08f3fb02-driver-svc.dsml00289-priv.svc 10.233.126.113:7079
26/06/27 12:01:49 INFO BlockManager: Using org.apache.spark.storage.RandomBlockReplicationPolicy for block replication policy
26/06/27 12:01:49 INFO BlockManagerMaster: Registering BlockManager BlockManagerId(driver, q3-df-joins-py-4f34129f08f3fb02-driver-svc.dsml00289-priv.svc, 7079, None)
26/06/27 12:01:49 INFO BlockManagerMasterEndpoint: Registering block manager q3-df-joins-py-4f34129f08f3fb02-driver-svc.dsml00289-priv.svc:7079 with 1048.8 MiB RAM, BlockManagerId(driver, q3-df-joins-py-4f34129f08f3fb02-driver-svc.dsml00289-priv.svc, 7079, None)
26/06/27 12:01:49 INFO BlockManagerMaster: Registered BlockManager BlockManagerId(driver, q3-df-joins-py-4f34129f08f3fb02-driver-svc.dsml00289-priv.svc, 7079, None)
26/06/27 12:01:49 INFO BlockManager: Initialized BlockManager: BlockManagerId(driver, q3-df-joins-py-4f34129f08f3fb02-driver-svc.dsml00289-priv.svc, 7079, None)
26/06/27 12:01:49 INFO BasicExecutorFeatureStep: Decommissioning not enabled, skipping shutdown script
26/06/27 12:01:49 INFO SingleEventLogFileWriter: Logging events to hdfs://hdfs-namenode.default.svc.cluster.local:9000/user/dsml00289/logs/spark-edb7306ccadc48ea895fd5bd7fad0e97.inprogress
26/06/27 12:01:49 INFO BasicExecutorFeatureStep: Decommissioning not enabled, skipping shutdown script
26/06/27 12:01:49 INFO BasicExecutorFeatureStep: Decommissioning not enabled, skipping shutdown script
26/06/27 12:01:54 INFO KubernetesClusterSchedulerBackend$KubernetesDriverEndpoint: No executor found for 10.233.98.151:42380
26/06/27 12:01:54 INFO KubernetesClusterSchedulerBackend$KubernetesDriverEndpoint: No executor found for 10.233.124.221:51938
26/06/27 12:01:54 INFO KubernetesClusterSchedulerBackend$KubernetesDriverEndpoint: No executor found for 10.233.126.102:40400
26/06/27 12:01:54 INFO KubernetesClusterSchedulerBackend$KubernetesDriverEndpoint: Registered executor NettyRpcEndpointRef(spark-client://Executor) (10.233.124.221:51950) with ID 1,  ResourceProfileId 0
26/06/27 12:01:54 INFO KubernetesClusterSchedulerBackend$KubernetesDriverEndpoint: Registered executor NettyRpcEndpointRef(spark-client://Executor) (10.233.98.151:42382) with ID 2,  ResourceProfileId 0
26/06/27 12:01:54 INFO KubernetesClusterSchedulerBackend$KubernetesDriverEndpoint: Registered executor NettyRpcEndpointRef(spark-client://Executor) (10.233.126.102:40408) with ID 3,  ResourceProfileId 0
26/06/27 12:01:54 INFO KubernetesClusterSchedulerBackend: SchedulerBackend is ready for scheduling beginning after reached minRegisteredResourcesRatio: 0.8
26/06/27 12:01:55 INFO BlockManagerMasterEndpoint: Registering block manager 10.233.98.151:33555 with 1048.8 MiB RAM, BlockManagerId(2, 10.233.98.151, 33555, None)
26/06/27 12:01:55 INFO BlockManagerMasterEndpoint: Registering block manager 10.233.124.221:45263 with 1048.8 MiB RAM, BlockManagerId(1, 10.233.124.221, 45263, None)
26/06/27 12:01:55 INFO BlockManagerMasterEndpoint: Registering block manager 10.233.126.102:34383 with 1048.8 MiB RAM, BlockManagerId(3, 10.233.126.102, 34383, None)
JOIN_STRATEGY=merge
DETECTED_JOIN_OPERATORS=SortMergeJoin
=== EXPLAIN FORMATTED ===
== Physical Plan ==
AdaptiveSparkPlan (14)
+- Sort (13)
   +- Exchange (12)
      +- Project (11)
         +- SortMergeJoin Inner (10)
            :- Sort (4)
            :  +- Exchange (3)
            :     +- Filter (2)
            :        +- Scan ExistingRDD (1)
            +- Sort (9)
               +- Exchange (8)
                  +- Project (7)
                     +- Filter (6)
                        +- Scan csv  (5)


(1) Scan ExistingRDD
Output [3]: [zip_code#22, total_population#23L, total_housing_units#24L]
Arguments: [zip_code#22, total_population#23L, total_housing_units#24L], MapPartitionsRDD[17] at applySchemaToPythonRDD at NativeMethodAccessorImpl.java:0, ExistingRDD, UnknownPartitioning(0)

(2) Filter
Input [3]: [zip_code#22, total_population#23L, total_housing_units#24L]
Condition : isnotnull(zip_code#22)

(3) Exchange
Input [3]: [zip_code#22, total_population#23L, total_housing_units#24L]
Arguments: hashpartitioning(zip_code#22, 200), ENSURE_REQUIREMENTS, [plan_id=76]

(4) Sort
Input [3]: [zip_code#22, total_population#23L, total_housing_units#24L]
Arguments: [zip_code#22 ASC NULLS FIRST], false, 0

(5) Scan csv 
Output [2]: [Zip Code#45, Estimated Median Income#47]
Batched: false
Location: InMemoryFileIndex [hdfs://hdfs-namenode.default.svc.cluster.local:9000/data/LA_income_2021.csv]
PushedFilters: [IsNotNull(Zip Code)]
ReadSchema: struct<Zip Code:string,Estimated Median Income:string>

(6) Filter
Input [2]: [Zip Code#45, Estimated Median Income#47]
Condition : isnotnull(Zip Code#45)

(7) Project
Output [2]: [Zip Code#45 AS zip_code#51, cast(regexp_replace(Estimated Median Income#47, [$,], , 1) as double) AS median_household_income#60]
Input [2]: [Zip Code#45, Estimated Median Income#47]

(8) Exchange
Input [2]: [zip_code#51, median_household_income#60]
Arguments: hashpartitioning(zip_code#51, 200), ENSURE_REQUIREMENTS, [plan_id=77]

(9) Sort
Input [2]: [zip_code#51, median_household_income#60]
Arguments: [zip_code#51 ASC NULLS FIRST], false, 0

(10) SortMergeJoin
Left keys [1]: [zip_code#22]
Right keys [1]: [zip_code#51]
Join type: Inner
Join condition: None

(11) Project
Output [5]: [zip_code#22, total_population#23L, total_housing_units#24L, median_household_income#60, round(((median_household_income#60 * cast(total_housing_units#24L as double)) / cast(total_population#23L as double)), 2) AS avg_annual_per_capita_income#71]
Input [5]: [zip_code#22, total_population#23L, total_housing_units#24L, zip_code#51, median_household_income#60]

(12) Exchange
Input [5]: [zip_code#22, total_population#23L, total_housing_units#24L, median_household_income#60, avg_annual_per_capita_income#71]
Arguments: rangepartitioning(zip_code#22 ASC NULLS FIRST, 200), ENSURE_REQUIREMENTS, [plan_id=83]

(13) Sort
Input [5]: [zip_code#22, total_population#23L, total_housing_units#24L, median_household_income#60, avg_annual_per_capita_income#71]
Arguments: [zip_code#22 ASC NULLS FIRST], true, 0

(14) AdaptiveSparkPlan
Output [5]: [zip_code#22, total_population#23L, total_housing_units#24L, median_household_income#60, avg_annual_per_capita_income#71]
Arguments: isFinalPlan=false



('90001', 55859, 52806.0, 13064.66)
('90002', 53150, 46159.0, 11321.33)
('90003', 72764, 47733.0, 11968.02)
('90004', 58585, 54947.0, 23395.03)
('90005', 37987, 44913.0, 22134.32)
... (282 ZIP codes total)
QUERY_ELAPSED_SECONDS=3.359
Saved to: hdfs://hdfs-namenode.default.svc.cluster.local:9000/user/dsml00289/Q3_df_join_merge_spark-edb7306ccadc48ea895fd5bd7fad0e97
